<?xml version="1.0" encoding="UTF-8"?>
<testng-results ignored="0" total="1" passed="1" failed="0" skipped="0">
  <reporter-output>
  </reporter-output>
  <suite started-at="2025-03-23T01:20:47 IST" name="Default suite" finished-at="2025-03-23T01:20:49 IST" duration-ms="2440">
    <groups>
    </groups>
    <test started-at="2025-03-23T01:20:47 IST" name="Default test" finished-at="2025-03-23T01:20:49 IST" duration-ms="2440">
      <class name="com.test.PostAPITest">
        <test-method signature="testCreateUser()[pri:0, instance:com.test.PostAPITest@77602954]" started-at="2025-03-23T01:20:47 IST" name="testCreateUser" finished-at="2025-03-23T01:20:49 IST" duration-ms="2392" status="PASS">
          <reporter-output>
          </reporter-output>
        </test-method> <!-- testCreateUser -->
      </class> <!-- com.test.PostAPITest -->
    </test> <!-- Default test -->
  </suite> <!-- Default suite -->
</testng-results>
